Arguments: 
  /usr/local/bin/node /usr/local/bin/yarn add socket.io@2.2.0

PATH: 
  /Library/Frameworks/Python.framework/Versions/3.8/bin:/Library/Frameworks/Python.framework/Versions/3.8/bin:/usr/local/bin:/usr/bin:/bin:/usr/sbin:/sbin:/Applications/VMware Fusion.app/Contents/Public:/Library/Frameworks/Python.framework/Versions/3.8/bin

Yarn version: 
  1.22.10

Node version: 
  14.17.0

Platform: 
  darwin x64

Trace: 
  Error: getaddrinfo ENOTFOUND registry.yarnpkg.com
      at GetAddrInfoReqWrap.onlookup [as oncomplete] (dns.js:67:26)

npm manifest: 
  {
    "name": "chatapp",
    "version": "1.0.0",
    "main": "server.js",
    "repository": "https://github.com/RobertBukowiecki/chat-websocket.git",
    "license": "MIT",
    "dependencies": {
      "express": "^4.17.1",
      "path": "^0.12.7"
    },
    "scripts": {
      "start": "nodemon server.js"
    },
    "devDependencies": {
      "nodemon": "^2.0.7"
    }
  }

yarn manifest: 
  No manifest

Lockfile: 
  No lockfile
